[debug] [2021-11-24T19:18:53.376Z] ----------------------------------------------------------------------
[debug] [2021-11-24T19:18:53.378Z] Command:       E:\node\node.exe C:\Users\DT User4\AppData\Roaming\npm\node_modules\firebase-tools\lib\bin\firebase.js init
[debug] [2021-11-24T19:18:53.379Z] CLI Version:   9.23.0
[debug] [2021-11-24T19:18:53.379Z] Platform:      win32
[debug] [2021-11-24T19:18:53.379Z] Node Version:  v17.1.0
[debug] [2021-11-24T19:18:53.380Z] Time:          Wed Nov 24 2021 20:18:53 GMT+0100 (Central European Standard Time)
[debug] [2021-11-24T19:18:53.380Z] ----------------------------------------------------------------------
[debug] 
[debug] [2021-11-24T19:18:53.387Z] > command requires scopes: ["email","openid","https://www.googleapis.com/auth/cloudplatformprojects.readonly","https://www.googleapis.com/auth/firebase","https://www.googleapis.com/auth/cloud-platform"]
[debug] [2021-11-24T19:18:53.387Z] > authorizing via signed-in user (sadin.boskovic@gmail.com)
[info] 
     ######## #### ########  ######## ########     ###     ######  ########
     ##        ##  ##     ## ##       ##     ##  ##   ##  ##       ##
     ######    ##  ########  ######   ########  #########  ######  ######
     ##        ##  ##    ##  ##       ##     ## ##     ##       ## ##
     ##       #### ##     ## ######## ########  ##     ##  ######  ########

You're about to initialize a Firebase project in this directory:

  G:\myportfolio

[info] 
=== Project Setup
[info] 
[info] First, let's associate this project directory with a Firebase project.
[info] You can create multiple project aliases by running firebase use --add, 
[info] but for now we'll just set up a default project.
[info] 
[debug] [2021-11-24T19:19:24.209Z] >>> [apiv2][query] GET https://firebase.googleapis.com/v1beta1/projects pageSize=100
[debug] [2021-11-24T19:19:24.863Z] <<< [apiv2][status] GET https://firebase.googleapis.com/v1beta1/projects 200
[debug] [2021-11-24T19:19:24.863Z] <<< [apiv2][body] GET https://firebase.googleapis.com/v1beta1/projects [omitted]
[info] i  Using project my-first-project-boki (My First Project Boki) 
[info] 
=== Hosting:github Setup
[info] 
[info] i  Didn't detect a .git folder. Assuming G:\myportfolio is the project root. 
[info] i  Authorizing with GitHub to upload your service account to a GitHub repository's secrets store. 
[info] 
[info] Visit this URL on this device to log in:
[info] https://github.com/login/oauth/authorize?client_id=89cf50f02ac6aaed3484&state=1007645247&redirect_uri=http%3A%2F%2Flocalhost%3A9005&scope=read%3Auser%20repo%20public_repo
[info] 
[info] Waiting for authentication...
